<?xml version="1.0" encoding="UTF-8"?>
<!-- Generated by org.testng.reporters.JUnitXMLReporter -->
<testsuite hostname="DESKTOP-F9KHF51" ignored="0" name="HybridFrameworkTest" tests="5" failures="0" timestamp="2022-04-01T12:17:56 IST" time="128.023" errors="0">
  <testcase name="@AfterClass logoutTest" time="63.128" classname="com.qa.linkedin.testcases.SearchDataDrivenTest">
    <failure type="org.openqa.selenium.TimeoutException" message="Expected condition failed: waiting for element to be clickable: Proxy element for: DefaultElementLocator &amp;apos;By.xpath: //a[@class=&amp;apos;global-nav__secondary-link mv1&amp;apos;][contains(.,&amp;apos;Sign Out&amp;apos;)]&amp;apos; (tried for 45 second(s) with 500 milliseconds interval)">
      <![CDATA[org.openqa.selenium.TimeoutException: Expected condition failed: waiting for element to be clickable: Proxy element for: DefaultElementLocator 'By.xpath: //a[@class='global-nav__secondary-link mv1'][contains(.,'Sign Out')]' (tried for 45 second(s) with 500 milliseconds interval)
at org.openqa.selenium.support.ui.WebDriverWait.timeoutException(WebDriverWait.java:138)
at org.openqa.selenium.support.ui.FluentWait.until(FluentWait.java:231)
at com.qa.linkedin.pages.LinkedinLoggedinPage.doLogOut(LinkedinLoggedinPage.java:58)
at com.qa.linkedin.testcases.SearchDataDrivenTest.logoutTest(SearchDataDrivenTest.java:83)
at java.util.ArrayList.forEach(ArrayList.java:1259)
Caused by: org.openqa.selenium.NoSuchElementException: no such element: Unable to locate element: {"method":"xpath","selector":"//a[@class='global-nav__secondary-link mv1'][contains(.,'Sign Out')]"}
  (Session info: chrome=100.0.4896.60)
For documentation on this error, please visit: https://selenium.dev/exceptions/#no_such_element
Build info: version: '4.1.2', revision: '9a5a329c5a'
System info: host: 'DESKTOP-F9KHF51', ip: '192.168.29.187', os.name: 'Windows 10', os.arch: 'amd64', os.version: '10.0', java.version: '1.8.0_301'
Driver info: org.openqa.selenium.chrome.ChromeDriver
Command: [9712a101fb39945521258768a365f8fc, findElement {using=xpath, value=//a[@class='global-nav__secondary-link mv1'][contains(.,'Sign Out')]}]
Capabilities {acceptInsecureCerts: false, browserName: chrome, browserVersion: 100.0.4896.60, chrome: {chromedriverVersion: 100.0.4896.60 (6a5d10861ce8..., userDataDir: C:\Users\naren\AppData\Loca...}, goog:chromeOptions: {debuggerAddress: localhost:49527}, javascriptEnabled: true, networkConnectionEnabled: false, pageLoadStrategy: normal, platform: WINDOWS, platformName: WINDOWS, proxy: Proxy(), se:cdp: ws://localhost:49527/devtoo..., se:cdpVersion: 100.0.4896.60, setWindowRect: true, strictFileInteractability: false, timeouts: {implicit: 0, pageLoad: 300000, script: 30000}, unhandledPromptBehavior: dismiss and notify, webauthn:extension:credBlob: true, webauthn:extension:largeBlob: true, webauthn:virtualAuthenticators: true}
Session ID: 9712a101fb39945521258768a365f8fc
at org.openqa.selenium.remote.codec.w3c.W3CHttpResponseCodec.createException(W3CHttpResponseCodec.java:200)
at org.openqa.selenium.remote.codec.w3c.W3CHttpResponseCodec.decode(W3CHttpResponseCodec.java:133)
at org.openqa.selenium.remote.codec.w3c.W3CHttpResponseCodec.decode(W3CHttpResponseCodec.java:53)
at org.openqa.selenium.remote.HttpCommandExecutor.execute(HttpCommandExecutor.java:184)
at org.openqa.selenium.remote.service.DriverCommandExecutor.invokeExecute(DriverCommandExecutor.java:167)
at org.openqa.selenium.remote.service.DriverCommandExecutor.execute(DriverCommandExecutor.java:142)
at org.openqa.selenium.remote.RemoteWebDriver.execute(RemoteWebDriver.java:558)
at org.openqa.selenium.remote.ElementLocation$ElementFinder$2.findElement(ElementLocation.java:162)
at org.openqa.selenium.remote.ElementLocation.findElement(ElementLocation.java:60)
at org.openqa.selenium.remote.RemoteWebDriver.findElement(RemoteWebDriver.java:382)
at org.openqa.selenium.remote.RemoteWebDriver.findElement(RemoteWebDriver.java:374)
at org.openqa.selenium.support.pagefactory.DefaultElementLocator.findElement(DefaultElementLocator.java:70)
at org.openqa.selenium.support.pagefactory.internal.LocatingElementHandler.invoke(LocatingElementHandler.java:39)
at com.sun.proxy.$Proxy18.isDisplayed(Unknown Source)
at org.openqa.selenium.support.ui.ExpectedConditions.elementIfVisible(ExpectedConditions.java:307)
at org.openqa.selenium.support.ui.ExpectedConditions.access$000(ExpectedConditions.java:40)
at org.openqa.selenium.support.ui.ExpectedConditions$10.apply(ExpectedConditions.java:293)
at org.openqa.selenium.support.ui.ExpectedConditions$10.apply(ExpectedConditions.java:290)
at org.openqa.selenium.support.ui.ExpectedConditions$23.apply(ExpectedConditions.java:660)
at org.openqa.selenium.support.ui.ExpectedConditions$23.apply(ExpectedConditions.java:656)
at org.openqa.selenium.support.ui.FluentWait.until(FluentWait.java:208)
... 28 more
... Removed 29 stack frames]]>
    </failure>
  </testcase> <!-- @AfterClass logoutTest -->
  <testcase name="doLoginTest" time="32.717" classname="com.qa.linkedin.testcases.SearchDataDrivenTest"/>
  <testcase name="dosearchPeopleTest" time="7.698" classname="com.qa.linkedin.testcases.SearchDataDrivenTest"/>
  <testcase name="dosearchPeopleTest" time="8.204" classname="com.qa.linkedin.testcases.SearchDataDrivenTest"/>
  <testcase name="dosearchPeopleTest" time="7.072" classname="com.qa.linkedin.testcases.SearchDataDrivenTest"/>
  <testcase name="dosearchPeopleTest" time="7.541" classname="com.qa.linkedin.testcases.SearchDataDrivenTest"/>
</testsuite> <!-- HybridFrameworkTest -->
